Using pre-set license
Built from '2020.3/release' branch; Version is '2020.3.12f1 (b3b2c6512326) revision 11776710'; Using compiler version '192528614'; Build Type 'Release'
OS: 'Windows 10 Home; OS build 19042.1110; Version 2009; 64bit' Language: 'zh' Physical Memory: 3983 MB
BatchMode: 1, IsHumanControllingUs: 0, StartBugReporterOnCrash: 0, Is64bit: 1, IsPro: 0

 COMMAND LINE ARGUMENTS:
C:\Program Files\Unity\Hub\Editor\2020.3.12f1\Editor\Unity.exe
-adb2
-batchMode
-noUpm
-name
AssetImportWorker32
-projectPath
C:/Unity/2D_NewGame
-logFile
Logs/AssetImportWorker32.log
-srvPort
62298
Successfully changed project path to: C:/Unity/2D_NewGame
C:/Unity/2D_NewGame
Using Asset Import Pipeline V2.
Refreshing native plugins compatible for Editor in 230.16 ms, found 3 plugins.
Preloading 0 native plugins for Editor in 0.00 ms.
Initialize engine version: 2020.3.12f1 (b3b2c6512326)
[Subsystems] Discovering subsystems at path C:/Program Files/Unity/Hub/Editor/2020.3.12f1/Editor/Data/Resources/UnitySubsystems
[Subsystems] Discovering subsystems at path C:/Unity/2D_NewGame/Assets
GfxDevice: creating device client; threaded=0
Direct3D:
    Version:  Direct3D 11.0 [level 11.0]
    Renderer: NVIDIA GeForce 810M (ID=0xfee)
    Vendor:   
    VRAM:     2009 MB
    Driver:   24.21.13.9835
Initialize mono
Mono path[0] = 'C:/Program Files/Unity/Hub/Editor/2020.3.12f1/Editor/Data/Managed'
Mono path[1] = 'C:/Program Files/Unity/Hub/Editor/2020.3.12f1/Editor/Data/MonoBleedingEdge/lib/mono/unityjit'
Mono config path = 'C:/Program Files/Unity/Hub/Editor/2020.3.12f1/Editor/Data/MonoBleedingEdge/etc'
Using monoOptions --debugger-agent=transport=dt_socket,embedding=1,server=y,suspend=n,address=127.0.0.1:56420
Begin MonoManager ReloadAssembly
Registering precompiled unity dll's ...
Register platform support module: C:/Program Files/Unity/Hub/Editor/2020.3.12f1/Editor/Data/PlaybackEngines/WebGLSupport/UnityEditor.WebGL.Extensions.dll
Register platform support module: C:/Program Files/Unity/Hub/Editor/2020.3.12f1/Editor/Data/PlaybackEngines/WindowsStandaloneSupport/UnityEditor.WindowsStandalone.Extensions.dll
Registered in 0.014502 seconds.
Native extension for WindowsStandalone target not found
Native extension for WebGL target not found
Refreshing native plugins compatible for Editor in 189.23 ms, found 3 plugins.
Preloading 0 native plugins for Editor in 0.00 ms.
Mono: successfully reloaded assembly
- Completed reload, in  6.077 seconds
Platform modules already initialized, skipping
Registering precompiled user dll's ...
Registered in 0.029327 seconds.
Begin MonoManager ReloadAssembly
Native extension for WindowsStandalone target not found
Native extension for WebGL target not found
Refreshing native plugins compatible for Editor in 190.86 ms, found 3 plugins.
Preloading 0 native plugins for Editor in 0.00 ms.
Mono: successfully reloaded assembly
- Completed reload, in 10.390 seconds
Platform modules already initialized, skipping
========================================================================
Worker process is ready to serve import requests
Launched and connected shader compiler UnityShaderCompiler.exe after 3.13 seconds
Refreshing native plugins compatible for Editor in 1.74 ms, found 3 plugins.
Preloading 0 native plugins for Editor in 0.00 ms.
Unloading 2083 Unused Serialized files (Serialized files now loaded: 0)
System memory in use before: 93.5 MB.
System memory in use after: 93.4 MB.

Unloading 33 unused Assets to reduce memory usage. Loaded Objects now: 2521.
Total: 4640.992400 ms (FindLiveObjects: 0.868900 ms CreateObjectMapping: 0.253000 ms MarkObjects: 3817.824400 ms  DeleteObjects: 822.040700 ms)

AssetImportParameters requested are different than current active one (requested -> active):
  custom:framework-win-MediaFoundation: 216162199b28c13a410421893ffa2e32 -> 
  custom:video-decoder-ogg-theora: a1e56fd34408186e4bbccfd4996cb3dc -> 
  custom:container-muxer-webm: aa71ff27fc2769a1b78a27578f13a17b -> 
  custom:container-demuxer-webm: 4f35f7cbe854078d1ac9338744f61a02 -> 
  custom:container-demuxer-ogg: 62fdf1f143b41e24485cea50d1cbac27 -> 
  custom:video-encoder-webm-vp8: eb34c28f22e8b96e1ab97ce403110664 -> 
  custom:video-codec-MediaFoundation-h265: 746d11721c4dcdbdad8f713fa42b33f4 -> 
  custom:video-decoder-webm-vp8: 9c59270c3fd7afecdb556c50c9e8de78 -> 
  custom:audio-decoder-ogg-vorbis: bf7c407c2cedff20999df2af8eb42d56 -> 
  custom:audio-encoder-webm-vorbis: bf7c407c2cedff20999df2af8eb42d56 -> 
========================================================================
Received Import Request.
  path: Assets/Scripts/Monster.cs
  artifactKey: Guid(969248998bca5bf4ca005469a564d5db) Importer(815301076,1909f56bfc062723c751e8b465ee728b)
Start importing Assets/Scripts/Monster.cs using Guid(969248998bca5bf4ca005469a564d5db) Importer(815301076,1909f56bfc062723c751e8b465ee728b)  -> (artifact id: 'b5092787585db80dc58f72122ad3824c') in 16.296166 seconds 
  Import took 18.284056 seconds .

========================================================================
Received Import Request.
  Time since last request: 2299.895920 seconds.
  path: Assets/Scripts/Monster.cs
  artifactKey: Guid(969248998bca5bf4ca005469a564d5db) Importer(815301076,1909f56bfc062723c751e8b465ee728b)
Start importing Assets/Scripts/Monster.cs using Guid(969248998bca5bf4ca005469a564d5db) Importer(815301076,1909f56bfc062723c751e8b465ee728b)  -> (artifact id: 'ec0b4f9859f9c326fad55afdb14f5ead') in 6.188258 seconds 
  Import took 12.322603 seconds .

========================================================================
Received Import Request.
  Time since last request: 1.056169 seconds.
  path: Assets/Scripts/Monster.cs
  artifactKey: Guid(969248998bca5bf4ca005469a564d5db) Importer(815301076,1909f56bfc062723c751e8b465ee728b)
Start importing Assets/Scripts/Monster.cs using Guid(969248998bca5bf4ca005469a564d5db) Importer(815301076,1909f56bfc062723c751e8b465ee728b)  -> (artifact id: 'ec0b4f9859f9c326fad55afdb14f5ead') in 0.050068 seconds 
  Import took 0.117384 seconds .

========================================================================
Received Import Request.
  Time since last request: 641.239146 seconds.
  path: Assets/Scripts/Monster.cs
  artifactKey: Guid(969248998bca5bf4ca005469a564d5db) Importer(815301076,1909f56bfc062723c751e8b465ee728b)
Start importing Assets/Scripts/Monster.cs using Guid(969248998bca5bf4ca005469a564d5db) Importer(815301076,1909f56bfc062723c751e8b465ee728b)  -> (artifact id: 'bb49f45a64f1e72070a250b1f5129cc2') in 0.077018 seconds 
  Import took 0.628153 seconds .

========================================================================
Received Import Request.
  Time since last request: 0.076783 seconds.
  path: Assets/Scripts/Monster.cs
  artifactKey: Guid(969248998bca5bf4ca005469a564d5db) Importer(815301076,1909f56bfc062723c751e8b465ee728b)
Start importing Assets/Scripts/Monster.cs using Guid(969248998bca5bf4ca005469a564d5db) Importer(815301076,1909f56bfc062723c751e8b465ee728b)  -> (artifact id: 'bb49f45a64f1e72070a250b1f5129cc2') in 0.157706 seconds 
  Import took 0.203546 seconds .

========================================================================
Received Import Request.
  Time since last request: 265.373981 seconds.
  path: Assets/Scripts/Monster.cs
  artifactKey: Guid(969248998bca5bf4ca005469a564d5db) Importer(815301076,1909f56bfc062723c751e8b465ee728b)
Start importing Assets/Scripts/Monster.cs using Guid(969248998bca5bf4ca005469a564d5db) Importer(815301076,1909f56bfc062723c751e8b465ee728b)  -> (artifact id: 'b1ff5a1892b4b5623873a18e50840b88') in 0.071250 seconds 
  Import took 0.141809 seconds .

========================================================================
Received Import Request.
  Time since last request: 1947.977251 seconds.
  path: Assets/Scripts/Monster.cs
  artifactKey: Guid(969248998bca5bf4ca005469a564d5db) Importer(815301076,1909f56bfc062723c751e8b465ee728b)
Start importing Assets/Scripts/Monster.cs using Guid(969248998bca5bf4ca005469a564d5db) Importer(815301076,1909f56bfc062723c751e8b465ee728b)  -> (artifact id: 'e6852993d3676bcc1c907edae62f4c00') in 0.524669 seconds 
  Import took 13.266031 seconds .

========================================================================
Received Prepare
Registering precompiled user dll's ...
Registered in 1.013913 seconds.
Begin MonoManager ReloadAssembly
Native extension for WindowsStandalone target not found
Native extension for WebGL target not found
Refreshing native plugins compatible for Editor in 152.76 ms, found 3 plugins.
Preloading 0 native plugins for Editor in 0.00 ms.
Mono: successfully reloaded assembly
- Completed reload, in 66.970 seconds
Platform modules already initialized, skipping
Refreshing native plugins compatible for Editor in 4.58 ms, found 3 plugins.
Preloading 0 native plugins for Editor in 0.00 ms.
Unloading 2078 Unused Serialized files (Serialized files now loaded: 0)
System memory in use before: 93.5 MB.
System memory in use after: 93.4 MB.

Unloading 21 unused Assets to reduce memory usage. Loaded Objects now: 2525.
Total: 1823.114100 ms (FindLiveObjects: 420.340500 ms CreateObjectMapping: 1.797600 ms MarkObjects: 1316.775700 ms  DeleteObjects: 84.185200 ms)

AssetImportParameters requested are different than current active one (requested -> active):
  custom:framework-win-MediaFoundation: 216162199b28c13a410421893ffa2e32 -> 
  custom:video-decoder-ogg-theora: a1e56fd34408186e4bbccfd4996cb3dc -> 
  custom:container-muxer-webm: aa71ff27fc2769a1b78a27578f13a17b -> 
  custom:container-demuxer-webm: 4f35f7cbe854078d1ac9338744f61a02 -> 
  custom:container-demuxer-ogg: 62fdf1f143b41e24485cea50d1cbac27 -> 
  custom:video-encoder-webm-vp8: eb34c28f22e8b96e1ab97ce403110664 -> 
  custom:video-codec-MediaFoundation-h265: 746d11721c4dcdbdad8f713fa42b33f4 -> 
  custom:video-decoder-webm-vp8: 9c59270c3fd7afecdb556c50c9e8de78 -> 
  custom:audio-decoder-ogg-vorbis: bf7c407c2cedff20999df2af8eb42d56 -> 
  custom:audio-encoder-webm-vorbis: bf7c407c2cedff20999df2af8eb42d56 -> 
